# JRE version: Java(TM) SE Runtime Environment (7.0_45-b18) (build 1.7.0_45-b18)
# Java VM: Java HotSpot(TM) 64-Bit Server VM (24.45-b08 mixed mode bsd-amd64 compressed oops)
Heap
 PSYoungGen      total 25088K, used 9687K [0x00000007d5500000, 0x00000007d6e80000, 0x0000000800000000)
  eden space 24064K, 38% used [0x00000007d5500000,0x00000007d5dfdc40,0x00000007d6c80000)
  from space 1024K, 46% used [0x00000007d6c80000,0x00000007d6cf8060,0x00000007d6d80000)
  to   space 1024K, 0% used [0x00000007d6d80000,0x00000007d6d80000,0x00000007d6e80000)
 ParOldGen       total 87040K, used 9788K [0x0000000780000000, 0x0000000785500000, 0x00000007d5500000)
  object space 87040K, 11% used [0x0000000780000000,0x000000078098f0e0,0x0000000785500000)
 PSPermGen       total 21504K, used 6998K [0x000000077ae00000, 0x000000077c300000, 0x0000000780000000)
  object space 21504K, 32% used [0x000000077ae00000,0x000000077b4d5858,0x000000077c300000)
GC Heap History (10 events):
Event: 286,149 GC heap before
{Heap before GC invocations=1193 (full 0):
 PSYoungGen      total 25088K, used 24450K [0x00000007d5500000, 0x00000007d6e80000, 0x0000000800000000)
  eden space 24064K, 99% used [0x00000007d5500000,0x00000007d6c78b90,0x00000007d6c80000)
  from space 1024K, 40% used [0x00000007d6d80000,0x00000007d6de8050,0x00000007d6e80000)
  to   space 1024K, 0% used [0x00000007d6c80000,0x00000007d6c80000,0x00000007d6d80000)
 ParOldGen       total 87040K, used 9748K [0x0000000780000000, 0x0000000785500000, 0x00000007d5500000)
  object space 87040K, 11% used [0x0000000780000000,0x00000007809850e0,0x0000000785500000)
 PSPermGen       total 21504K, used 6998K [0x000000077ae00000, 0x000000077c300000, 0x0000000780000000)
  object space 21504K, 32% used [0x000000077ae00000,0x000000077b4d5858,0x000000077c300000)
Event: 286,153 GC heap after
Heap after GC invocations=1193 (full 0):
 PSYoungGen      total 25088K, used 864K [0x00000007d5500000, 0x00000007d6e80000, 0x0000000800000000)
  eden space 24064K, 0% used [0x00000007d5500000,0x00000007d5500000,0x00000007d6c80000)
  from space 1024K, 84% used [0x00000007d6c80000,0x00000007d6d58050,0x00000007d6d80000)
  to   space 1024K, 0% used [0x00000007d6d80000,0x00000007d6d80000,0x00000007d6e80000)
 ParOldGen       total 87040K, used 9764K [0x0000000780000000, 0x0000000785500000, 0x00000007d5500000)
  object space 87040K, 11% used [0x0000000780000000,0x00000007809890e0,0x0000000785500000)
 PSPermGen       total 21504K, used 6998K [0x000000077ae00000, 0x000000077c300000, 0x0000000780000000)
  object space 21504K, 32% used [0x000000077ae00000,0x000000077b4d5858,0x000000077c300000)
}
Event: 286,400 GC heap before
{Heap before GC invocations=1194 (full 0):
 PSYoungGen      total 25088K, used 24928K [0x00000007d5500000, 0x00000007d6e80000, 0x0000000800000000)
  eden space 24064K, 100% used [0x00000007d5500000,0x00000007d6c80000,0x00000007d6c80000)
  from space 1024K, 84% used [0x00000007d6c80000,0x00000007d6d58050,0x00000007d6d80000)
  to   space 1024K, 0% used [0x00000007d6d80000,0x00000007d6d80000,0x00000007d6e80000)
 ParOldGen       total 87040K, used 9764K [0x0000000780000000, 0x0000000785500000, 0x00000007d5500000)
  object space 87040K, 11% used [0x0000000780000000,0x00000007809890e0,0x0000000785500000)
 PSPermGen       total 21504K, used 6998K [0x000000077ae00000, 0x000000077c300000, 0x0000000780000000)
  object space 21504K, 32% used [0x000000077ae00000,0x000000077b4d5858,0x000000077c300000)
Event: 286,401 GC heap after
Heap after GC invocations=1194 (full 0):
 PSYoungGen      total 25088K, used 416K [0x00000007d5500000, 0x00000007d6e80000, 0x0000000800000000)
  eden space 24064K, 0% used [0x00000007d5500000,0x00000007d5500000,0x00000007d6c80000)
  from space 1024K, 40% used [0x00000007d6d80000,0x00000007d6de8050,0x00000007d6e80000)
  to   space 1024K, 0% used [0x00000007d6c80000,0x00000007d6c80000,0x00000007d6d80000)
 ParOldGen       total 87040K, used 9764K [0x0000000780000000, 0x0000000785500000, 0x00000007d5500000)
  object space 87040K, 11% used [0x0000000780000000,0x00000007809890e0,0x0000000785500000)
 PSPermGen       total 21504K, used 6998K [0x000000077ae00000, 0x000000077c300000, 0x0000000780000000)
  object space 21504K, 32% used [0x000000077ae00000,0x000000077b4d5858,0x000000077c300000)
}
Event: 286,647 GC heap before
{Heap before GC invocations=1195 (full 0):
 PSYoungGen      total 25088K, used 24480K [0x00000007d5500000, 0x00000007d6e80000, 0x0000000800000000)
  eden space 24064K, 100% used [0x00000007d5500000,0x00000007d6c80000,0x00000007d6c80000)
  from space 1024K, 40% used [0x00000007d6d80000,0x00000007d6de8050,0x00000007d6e80000)
  to   space 1024K, 0% used [0x00000007d6c80000,0x00000007d6c80000,0x00000007d6d80000)
 ParOldGen       total 87040K, used 9764K [0x0000000780000000, 0x0000000785500000, 0x00000007d5500000)
  object space 87040K, 11% used [0x0000000780000000,0x00000007809890e0,0x0000000785500000)
 PSPermGen       total 21504K, used 6998K [0x000000077ae00000, 0x000000077c300000, 0x0000000780000000)
  object space 21504K, 32% used [0x000000077ae00000,0x000000077b4d5858,0x000000077c300000)
Event: 286,648 GC heap after
Heap after GC invocations=1195 (full 0):
 PSYoungGen      total 25088K, used 384K [0x00000007d5500000, 0x00000007d6e80000, 0x0000000800000000)
  eden space 24064K, 0% used [0x00000007d5500000,0x00000007d5500000,0x00000007d6c80000)
  from space 1024K, 37% used [0x00000007d6c80000,0x00000007d6ce0050,0x00000007d6d80000)
  to   space 1024K, 0% used [0x00000007d6d80000,0x00000007d6d80000,0x00000007d6e80000)
 ParOldGen       total 87040K, used 9772K [0x0000000780000000, 0x0000000785500000, 0x00000007d5500000)
  object space 87040K, 11% used [0x0000000780000000,0x000000078098b0e0,0x0000000785500000)
 PSPermGen       total 21504K, used 6998K [0x000000077ae00000, 0x000000077c300000, 0x0000000780000000)
  object space 21504K, 32% used [0x000000077ae00000,0x000000077b4d5858,0x000000077c300000)
}
Event: 286,900 GC heap before
{Heap before GC invocations=1196 (full 0):
 PSYoungGen      total 25088K, used 24448K [0x00000007d5500000, 0x00000007d6e80000, 0x0000000800000000)
  eden space 24064K, 100% used [0x00000007d5500000,0x00000007d6c80000,0x00000007d6c80000)
  from space 1024K, 37% used [0x00000007d6c80000,0x00000007d6ce0050,0x00000007d6d80000)
  to   space 1024K, 0% used [0x00000007d6d80000,0x00000007d6d80000,0x00000007d6e80000)
 ParOldGen       total 87040K, used 9772K [0x0000000780000000, 0x0000000785500000, 0x00000007d5500000)
  object space 87040K, 11% used [0x0000000780000000,0x000000078098b0e0,0x0000000785500000)
 PSPermGen       total 21504K, used 6998K [0x000000077ae00000, 0x000000077c300000, 0x0000000780000000)
  object space 21504K, 32% used [0x000000077ae00000,0x000000077b4d5858,0x000000077c300000)
Event: 286,901 GC heap after
Heap after GC invocations=1196 (full 0):
 PSYoungGen      total 25088K, used 480K [0x00000007d5500000, 0x00000007d6e80000, 0x0000000800000000)
  eden space 24064K, 0% used [0x00000007d5500000,0x00000007d5500000,0x00000007d6c80000)
  from space 1024K, 46% used [0x00000007d6d80000,0x00000007d6df8060,0x00000007d6e80000)
  to   space 1024K, 0% used [0x00000007d6c80000,0x00000007d6c80000,0x00000007d6d80000)
 ParOldGen       total 87040K, used 9772K [0x0000000780000000, 0x0000000785500000, 0x00000007d5500000)
  object space 87040K, 11% used [0x0000000780000000,0x000000078098b0e0,0x0000000785500000)
 PSPermGen       total 21504K, used 6998K [0x000000077ae00000, 0x000000077c300000, 0x0000000780000000)
  object space 21504K, 32% used [0x000000077ae00000,0x000000077b4d5858,0x000000077c300000)
}
Event: 287,151 GC heap before
{Heap before GC invocations=1197 (full 0):
 PSYoungGen      total 25088K, used 24544K [0x00000007d5500000, 0x00000007d6e80000, 0x0000000800000000)
  eden space 24064K, 100% used [0x00000007d5500000,0x00000007d6c80000,0x00000007d6c80000)
  from space 1024K, 46% used [0x00000007d6d80000,0x00000007d6df8060,0x00000007d6e80000)
  to   space 1024K, 0% used [0x00000007d6c80000,0x00000007d6c80000,0x00000007d6d80000)
 ParOldGen       total 87040K, used 9772K [0x0000000780000000, 0x0000000785500000, 0x00000007d5500000)
  object space 87040K, 11% used [0x0000000780000000,0x000000078098b0e0,0x0000000785500000)
 PSPermGen       total 21504K, used 6998K [0x000000077ae00000, 0x000000077c300000, 0x0000000780000000)
  object space 21504K, 32% used [0x000000077ae00000,0x000000077b4d5858,0x000000077c300000)
Event: 287,152 GC heap after
Heap after GC invocations=1197 (full 0):
 PSYoungGen      total 25088K, used 480K [0x00000007d5500000, 0x00000007d6e80000, 0x0000000800000000)
  eden space 24064K, 0% used [0x00000007d5500000,0x00000007d5500000,0x00000007d6c80000)
  from space 1024K, 46% used [0x00000007d6c80000,0x00000007d6cf8060,0x00000007d6d80000)
  to   space 1024K, 0% used [0x00000007d6d80000,0x00000007d6d80000,0x00000007d6e80000)
 ParOldGen       total 87040K, used 9788K [0x0000000780000000, 0x0000000785500000, 0x00000007d5500000)
  object space 87040K, 11% used [0x0000000780000000,0x000000078098f0e0,0x0000000785500000)
 PSPermGen       total 21504K, used 6998K [0x000000077ae00000, 0x000000077c300000, 0x0000000780000000)
  object space 21504K, 32% used [0x000000077ae00000,0x000000077b4d5858,0x000000077c300000)
}

