# JRE version: Java(TM) SE Runtime Environment (7.0_45-b18) (build 1.7.0_45-b18)
# Java VM: Java HotSpot(TM) 64-Bit Server VM (24.45-b08 mixed mode bsd-amd64 compressed oops)
Heap
 PSYoungGen      total 25088K, used 10324K [0x00000007d5500000, 0x00000007d6e80000, 0x0000000800000000)
  eden space 24064K, 40% used [0x00000007d5500000,0x00000007d5e9cff0,0x00000007d6c80000)
  from space 1024K, 46% used [0x00000007d6c80000,0x00000007d6cf8060,0x00000007d6d80000)
  to   space 1024K, 0% used [0x00000007d6d80000,0x00000007d6d80000,0x00000007d6e80000)
 ParOldGen       total 87040K, used 8176K [0x0000000780000000, 0x0000000785500000, 0x00000007d5500000)
  object space 87040K, 9% used [0x0000000780000000,0x00000007807fc070,0x0000000785500000)
 PSPermGen       total 21504K, used 7015K [0x000000077ae00000, 0x000000077c300000, 0x0000000780000000)
  object space 21504K, 32% used [0x000000077ae00000,0x000000077b4d9d88,0x000000077c300000)
GC Heap History (10 events):
Event: 204,043 GC heap before
{Heap before GC invocations=793 (full 0):
 PSYoungGen      total 25088K, used 24464K [0x00000007d5500000, 0x00000007d6e80000, 0x0000000800000000)
  eden space 24064K, 99% used [0x00000007d5500000,0x00000007d6c7c140,0x00000007d6c80000)
  from space 1024K, 40% used [0x00000007d6d80000,0x00000007d6de8050,0x00000007d6e80000)
  to   space 1024K, 0% used [0x00000007d6c80000,0x00000007d6c80000,0x00000007d6d80000)
 ParOldGen       total 87040K, used 8136K [0x0000000780000000, 0x0000000785500000, 0x00000007d5500000)
  object space 87040K, 9% used [0x0000000780000000,0x00000007807f2070,0x0000000785500000)
 PSPermGen       total 21504K, used 7013K [0x000000077ae00000, 0x000000077c300000, 0x0000000780000000)
  object space 21504K, 32% used [0x000000077ae00000,0x000000077b4d95c8,0x000000077c300000)
Event: 204,045 GC heap after
Heap after GC invocations=793 (full 0):
 PSYoungGen      total 25088K, used 384K [0x00000007d5500000, 0x00000007d6e80000, 0x0000000800000000)
  eden space 24064K, 0% used [0x00000007d5500000,0x00000007d5500000,0x00000007d6c80000)
  from space 1024K, 37% used [0x00000007d6c80000,0x00000007d6ce0050,0x00000007d6d80000)
  to   space 1024K, 0% used [0x00000007d6d80000,0x00000007d6d80000,0x00000007d6e80000)
 ParOldGen       total 87040K, used 8136K [0x0000000780000000, 0x0000000785500000, 0x00000007d5500000)
  object space 87040K, 9% used [0x0000000780000000,0x00000007807f2070,0x0000000785500000)
 PSPermGen       total 21504K, used 7013K [0x000000077ae00000, 0x000000077c300000, 0x0000000780000000)
  object space 21504K, 32% used [0x000000077ae00000,0x000000077b4d95c8,0x000000077c300000)
}
Event: 204,259 GC heap before
{Heap before GC invocations=794 (full 0):
 PSYoungGen      total 25088K, used 24448K [0x00000007d5500000, 0x00000007d6e80000, 0x0000000800000000)
  eden space 24064K, 100% used [0x00000007d5500000,0x00000007d6c80000,0x00000007d6c80000)
  from space 1024K, 37% used [0x00000007d6c80000,0x00000007d6ce0050,0x00000007d6d80000)
  to   space 1024K, 0% used [0x00000007d6d80000,0x00000007d6d80000,0x00000007d6e80000)
 ParOldGen       total 87040K, used 8136K [0x0000000780000000, 0x0000000785500000, 0x00000007d5500000)
  object space 87040K, 9% used [0x0000000780000000,0x00000007807f2070,0x0000000785500000)
 PSPermGen       total 21504K, used 7013K [0x000000077ae00000, 0x000000077c300000, 0x0000000780000000)
  object space 21504K, 32% used [0x000000077ae00000,0x000000077b4d95c8,0x000000077c300000)
Event: 204,260 GC heap after
Heap after GC invocations=794 (full 0):
 PSYoungGen      total 25088K, used 448K [0x00000007d5500000, 0x00000007d6e80000, 0x0000000800000000)
  eden space 24064K, 0% used [0x00000007d5500000,0x00000007d5500000,0x00000007d6c80000)
  from space 1024K, 43% used [0x00000007d6d80000,0x00000007d6df0060,0x00000007d6e80000)
  to   space 1024K, 0% used [0x00000007d6c80000,0x00000007d6c80000,0x00000007d6d80000)
 ParOldGen       total 87040K, used 8144K [0x0000000780000000, 0x0000000785500000, 0x00000007d5500000)
  object space 87040K, 9% used [0x0000000780000000,0x00000007807f4070,0x0000000785500000)
 PSPermGen       total 21504K, used 7013K [0x000000077ae00000, 0x000000077c300000, 0x0000000780000000)
  object space 21504K, 32% used [0x000000077ae00000,0x000000077b4d95c8,0x000000077c300000)
}
Event: 204,479 GC heap before
{Heap before GC invocations=795 (full 0):
 PSYoungGen      total 25088K, used 24512K [0x00000007d5500000, 0x00000007d6e80000, 0x0000000800000000)
  eden space 24064K, 100% used [0x00000007d5500000,0x00000007d6c80000,0x00000007d6c80000)
  from space 1024K, 43% used [0x00000007d6d80000,0x00000007d6df0060,0x00000007d6e80000)
  to   space 1024K, 0% used [0x00000007d6c80000,0x00000007d6c80000,0x00000007d6d80000)
 ParOldGen       total 87040K, used 8144K [0x0000000780000000, 0x0000000785500000, 0x00000007d5500000)
  object space 87040K, 9% used [0x0000000780000000,0x00000007807f4070,0x0000000785500000)
 PSPermGen       total 21504K, used 7013K [0x000000077ae00000, 0x000000077c300000, 0x0000000780000000)
  object space 21504K, 32% used [0x000000077ae00000,0x000000077b4d95c8,0x000000077c300000)
Event: 204,480 GC heap after
Heap after GC invocations=795 (full 0):
 PSYoungGen      total 25088K, used 480K [0x00000007d5500000, 0x00000007d6e80000, 0x0000000800000000)
  eden space 24064K, 0% used [0x00000007d5500000,0x00000007d5500000,0x00000007d6c80000)
  from space 1024K, 46% used [0x00000007d6c80000,0x00000007d6cf8060,0x00000007d6d80000)
  to   space 1024K, 0% used [0x00000007d6d80000,0x00000007d6d80000,0x00000007d6e80000)
 ParOldGen       total 87040K, used 8152K [0x0000000780000000, 0x0000000785500000, 0x00000007d5500000)
  object space 87040K, 9% used [0x0000000780000000,0x00000007807f6070,0x0000000785500000)
 PSPermGen       total 21504K, used 7013K [0x000000077ae00000, 0x000000077c300000, 0x0000000780000000)
  object space 21504K, 32% used [0x000000077ae00000,0x000000077b4d95c8,0x000000077c300000)
}
Event: 204,722 GC heap before
{Heap before GC invocations=796 (full 0):
 PSYoungGen      total 25088K, used 24544K [0x00000007d5500000, 0x00000007d6e80000, 0x0000000800000000)
  eden space 24064K, 100% used [0x00000007d5500000,0x00000007d6c80000,0x00000007d6c80000)
  from space 1024K, 46% used [0x00000007d6c80000,0x00000007d6cf8060,0x00000007d6d80000)
  to   space 1024K, 0% used [0x00000007d6d80000,0x00000007d6d80000,0x00000007d6e80000)
 ParOldGen       total 87040K, used 8152K [0x0000000780000000, 0x0000000785500000, 0x00000007d5500000)
  object space 87040K, 9% used [0x0000000780000000,0x00000007807f6070,0x0000000785500000)
 PSPermGen       total 21504K, used 7013K [0x000000077ae00000, 0x000000077c300000, 0x0000000780000000)
  object space 21504K, 32% used [0x000000077ae00000,0x000000077b4d95c8,0x000000077c300000)
Event: 204,724 GC heap after
Heap after GC invocations=796 (full 0):
 PSYoungGen      total 25088K, used 480K [0x00000007d5500000, 0x00000007d6e80000, 0x0000000800000000)
  eden space 24064K, 0% used [0x00000007d5500000,0x00000007d5500000,0x00000007d6c80000)
  from space 1024K, 46% used [0x00000007d6d80000,0x00000007d6df8060,0x00000007d6e80000)
  to   space 1024K, 0% used [0x00000007d6c80000,0x00000007d6c80000,0x00000007d6d80000)
 ParOldGen       total 87040K, used 8160K [0x0000000780000000, 0x0000000785500000, 0x00000007d5500000)
  object space 87040K, 9% used [0x0000000780000000,0x00000007807f8070,0x0000000785500000)
 PSPermGen       total 21504K, used 7013K [0x000000077ae00000, 0x000000077c300000, 0x0000000780000000)
  object space 21504K, 32% used [0x000000077ae00000,0x000000077b4d95c8,0x000000077c300000)
}
Event: 204,977 GC heap before
{Heap before GC invocations=797 (full 0):
 PSYoungGen      total 25088K, used 24544K [0x00000007d5500000, 0x00000007d6e80000, 0x0000000800000000)
  eden space 24064K, 100% used [0x00000007d5500000,0x00000007d6c80000,0x00000007d6c80000)
  from space 1024K, 46% used [0x00000007d6d80000,0x00000007d6df8060,0x00000007d6e80000)
  to   space 1024K, 0% used [0x00000007d6c80000,0x00000007d6c80000,0x00000007d6d80000)
 ParOldGen       total 87040K, used 8160K [0x0000000780000000, 0x0000000785500000, 0x00000007d5500000)
  object space 87040K, 9% used [0x0000000780000000,0x00000007807f8070,0x0000000785500000)
 PSPermGen       total 21504K, used 7013K [0x000000077ae00000, 0x000000077c300000, 0x0000000780000000)
  object space 21504K, 32% used [0x000000077ae00000,0x000000077b4d95c8,0x000000077c300000)
Event: 204,978 GC heap after
Heap after GC invocations=797 (full 0):
 PSYoungGen      total 25088K, used 480K [0x00000007d5500000, 0x00000007d6e80000, 0x0000000800000000)
  eden space 24064K, 0% used [0x00000007d5500000,0x00000007d5500000,0x00000007d6c80000)
  from space 1024K, 46% used [0x00000007d6c80000,0x00000007d6cf8060,0x00000007d6d80000)
  to   space 1024K, 0% used [0x00000007d6d80000,0x00000007d6d80000,0x00000007d6e80000)
 ParOldGen       total 87040K, used 8176K [0x0000000780000000, 0x0000000785500000, 0x00000007d5500000)
  object space 87040K, 9% used [0x0000000780000000,0x00000007807fc070,0x0000000785500000)
 PSPermGen       total 21504K, used 7013K [0x000000077ae00000, 0x000000077c300000, 0x0000000780000000)
  object space 21504K, 32% used [0x000000077ae00000,0x000000077b4d95c8,0x000000077c300000)
}

